# JRE version: OpenJDK Runtime Environment (8.0_202) (build 1.8.0_202-release-1483-b49-5587405)
# Java VM: OpenJDK 64-Bit Server VM (25.202-b49-5587405 mixed mode linux-amd64 compressed oops)
Heap:
 PSYoungGen      total 550912K, used 203020K [0x00000000d5580000, 0x0000000100000000, 0x0000000100000000)
  eden space 425984K, 23% used [0x00000000d5580000,0x00000000db8ce368,0x00000000ef580000)
  from space 124928K, 81% used [0x00000000ef580000,0x00000000f5874dc0,0x00000000f6f80000)
  to   space 137216K, 0% used [0x00000000f7a00000,0x00000000f7a00000,0x0000000100000000)
 ParOldGen       total 571392K, used 364437K [0x0000000080000000, 0x00000000a2e00000, 0x00000000d5580000)
  object space 571392K, 63% used [0x0000000080000000,0x00000000963e57e0,0x00000000a2e00000)
 Metaspace       used 279353K, capacity 299138K, committed 299412K, reserved 1308672K
  class space    used 36027K, capacity 39747K, committed 39868K, reserved 1048576K
GC Heap History (10 events):
Event: 1190,564 GC heap before
{Heap before GC invocations=35 (full 6):
 PSYoungGen      total 513536K, used 394160K [0x00000000d5580000, 0x0000000100000000, 0x0000000100000000)
  eden space 399872K, 98% used [0x00000000d5580000,0x00000000ed66c038,0x00000000edc00000)
  from space 113664K, 0% used [0x00000000f9100000,0x00000000f9100000,0x0000000100000000)
  to   space 149504K, 0% used [0x00000000edc00000,0x00000000edc00000,0x00000000f6e00000)
 ParOldGen       total 571392K, used 360409K [0x0000000080000000, 0x00000000a2e00000, 0x00000000d5580000)
  object space 571392K, 63% used [0x0000000080000000,0x0000000095ff6780,0x00000000a2e00000)
 Metaspace       used 234908K, capacity 250920K, committed 256788K, reserved 1271808K
  class space    used 30256K, capacity 33230K, committed 34620K, reserved 1048576K
Event: 1190,700 GC heap after
Heap after GC invocations=35 (full 6):
 PSYoungGen      total 549376K, used 20267K [0x00000000d5580000, 0x0000000100000000, 0x0000000100000000)
  eden space 399872K, 0% used [0x00000000d5580000,0x00000000d5580000,0x00000000edc00000)
  from space 149504K, 13% used [0x00000000edc00000,0x00000000eefcaef0,0x00000000f6e00000)
  to   space 145920K, 0% used [0x00000000f7180000,0x00000000f7180000,0x0000000100000000)
 ParOldGen       total 571392K, used 360417K [0x0000000080000000, 0x00000000a2e00000, 0x00000000d5580000)
  object space 571392K, 63% used [0x0000000080000000,0x0000000095ff8780,0x00000000a2e00000)
 Metaspace       used 234908K, capacity 250920K, committed 256788K, reserved 1271808K
  class space    used 30256K, capacity 33230K, committed 34620K, reserved 1048576K
}
Event: 1244,368 GC heap before
{Heap before GC invocations=36 (full 6):
 PSYoungGen      total 549376K, used 420139K [0x00000000d5580000, 0x0000000100000000, 0x0000000100000000)
  eden space 399872K, 100% used [0x00000000d5580000,0x00000000edc00000,0x00000000edc00000)
  from space 149504K, 13% used [0x00000000edc00000,0x00000000eefcaef0,0x00000000f6e00000)
  to   space 145920K, 0% used [0x00000000f7180000,0x00000000f7180000,0x0000000100000000)
 ParOldGen       total 571392K, used 360417K [0x0000000080000000, 0x00000000a2e00000, 0x00000000d5580000)
  object space 571392K, 63% used [0x0000000080000000,0x0000000095ff8780,0x00000000a2e00000)
 Metaspace       used 236451K, capacity 252554K, committed 256788K, reserved 1271808K
  class space    used 30454K, capacity 33465K, committed 34620K, reserved 1048576K
Event: 1244,489 GC heap after
Heap after GC invocations=36 (full 6):
 PSYoungGen      total 532480K, used 35779K [0x00000000d5580000, 0x00000000fef80000, 0x0000000100000000)
  eden space 403456K, 0% used [0x00000000d5580000,0x00000000d5580000,0x00000000edf80000)
  from space 129024K, 27% used [0x00000000f7180000,0x00000000f9470ee0,0x00000000fef80000)
  to   space 139264K, 0% used [0x00000000edf80000,0x00000000edf80000,0x00000000f6780000)
 ParOldGen       total 571392K, used 360425K [0x0000000080000000, 0x00000000a2e00000, 0x00000000d5580000)
  object space 571392K, 63% used [0x0000000080000000,0x0000000095ffa780,0x00000000a2e00000)
 Metaspace       used 236451K, capacity 252554K, committed 256788K, reserved 1271808K
  class space    used 30454K, capacity 33465K, committed 34620K, reserved 1048576K
}
Event: 1250,477 GC heap before
{Heap before GC invocations=37 (full 6):
 PSYoungGen      total 532480K, used 439235K [0x00000000d5580000, 0x00000000fef80000, 0x0000000100000000)
  eden space 403456K, 100% used [0x00000000d5580000,0x00000000edf80000,0x00000000edf80000)
  from space 129024K, 27% used [0x00000000f7180000,0x00000000f9470ee0,0x00000000fef80000)
  to   space 139264K, 0% used [0x00000000edf80000,0x00000000edf80000,0x00000000f6780000)
 ParOldGen       total 571392K, used 360425K [0x0000000080000000, 0x00000000a2e00000, 0x00000000d5580000)
  object space 571392K, 63% used [0x0000000080000000,0x0000000095ffa780,0x00000000a2e00000)
 Metaspace       used 237749K, capacity 253932K, committed 256788K, reserved 1271808K
  class space    used 30617K, capacity 33618K, committed 34620K, reserved 1048576K
Event: 1250,571 GC heap after
Heap after GC invocations=37 (full 6):
 PSYoungGen      total 542720K, used 32030K [0x00000000d5580000, 0x00000000fff00000, 0x0000000100000000)
  eden space 403456K, 0% used [0x00000000d5580000,0x00000000d5580000,0x00000000edf80000)
  from space 139264K, 23% used [0x00000000edf80000,0x00000000efec7bc8,0x00000000f6780000)
  to   space 133632K, 0% used [0x00000000f7c80000,0x00000000f7c80000,0x00000000fff00000)
 ParOldGen       total 571392K, used 360433K [0x0000000080000000, 0x00000000a2e00000, 0x00000000d5580000)
  object space 571392K, 63% used [0x0000000080000000,0x0000000095ffc780,0x00000000a2e00000)
 Metaspace       used 237749K, capacity 253932K, committed 256788K, reserved 1271808K
  class space    used 30617K, capacity 33618K, committed 34620K, reserved 1048576K
}
Event: 1679,223 GC heap before
{Heap before GC invocations=38 (full 6):
 PSYoungGen      total 542720K, used 435486K [0x00000000d5580000, 0x00000000fff00000, 0x0000000100000000)
  eden space 403456K, 100% used [0x00000000d5580000,0x00000000edf80000,0x00000000edf80000)
  from space 139264K, 23% used [0x00000000edf80000,0x00000000efec7bc8,0x00000000f6780000)
  to   space 133632K, 0% used [0x00000000f7c80000,0x00000000f7c80000,0x00000000fff00000)
 ParOldGen       total 571392K, used 360433K [0x0000000080000000, 0x00000000a2e00000, 0x00000000d5580000)
  object space 571392K, 63% used [0x0000000080000000,0x0000000095ffc780,0x00000000a2e00000)
 Metaspace       used 244766K, capacity 261568K, committed 261652K, reserved 1275904K
  class space    used 31459K, capacity 34582K, committed 34620K, reserved 1048576K
Event: 1679,315 GC heap after
Heap after GC invocations=38 (full 6):
 PSYoungGen      total 537600K, used 47324K [0x00000000d5580000, 0x00000000fe980000, 0x0000000100000000)
  eden space 425984K, 0% used [0x00000000d5580000,0x00000000d5580000,0x00000000ef580000)
  from space 111616K, 42% used [0x00000000f7c80000,0x00000000faab7188,0x00000000fe980000)
  to   space 124928K, 0% used [0x00000000ef580000,0x00000000ef580000,0x00000000f6f80000)
 ParOldGen       total 571392K, used 364429K [0x0000000080000000, 0x00000000a2e00000, 0x00000000d5580000)
  object space 571392K, 63% used [0x0000000080000000,0x00000000963e37e0,0x00000000a2e00000)
 Metaspace       used 244766K, capacity 261568K, committed 261652K, reserved 1275904K
  class space    used 31459K, capacity 34582K, committed 34620K, reserved 1048576K
}
Event: 1689,162 GC heap before
{Heap before GC invocations=39 (full 6):
 PSYoungGen      total 537600K, used 473308K [0x00000000d5580000, 0x00000000fe980000, 0x0000000100000000)
  eden space 425984K, 100% used [0x00000000d5580000,0x00000000ef580000,0x00000000ef580000)
  from space 111616K, 42% used [0x00000000f7c80000,0x00000000faab7188,0x00000000fe980000)
  to   space 124928K, 0% used [0x00000000ef580000,0x00000000ef580000,0x00000000f6f80000)
 ParOldGen       total 571392K, used 364429K [0x0000000080000000, 0x00000000a2e00000, 0x00000000d5580000)
  object space 571392K, 63% used [0x0000000080000000,0x00000000963e37e0,0x00000000a2e00000)
 Metaspace       used 273333K, capacity 292802K, committed 293140K, reserved 1304576K
  class space    used 35245K, capacity 38885K, committed 38972K, reserved 1048576K
Event: 1689,301 GC heap after
Heap after GC invocations=39 (full 6):
 PSYoungGen      total 550912K, used 101331K [0x00000000d5580000, 0x0000000100000000, 0x0000000100000000)
  eden space 425984K, 0% used [0x00000000d5580000,0x00000000d5580000,0x00000000ef580000)
  from space 124928K, 81% used [0x00000000ef580000,0x00000000f5874dc0,0x00000000f6f80000)
  to   space 137216K, 0% used [0x00000000f7a00000,0x00000000f7a00000,0x0000000100000000)
 ParOldGen       total 571392K, used 364437K [0x0000000080000000, 0x00000000a2e00000, 0x00000000d5580000)
  object space 571392K, 63% used [0x0000000080000000,0x00000000963e57e0,0x00000000a2e00000)
 Metaspace       used 273333K, capacity 292802K, committed 293140K, reserved 1304576K
  class space    used 35245K, capacity 38885K, committed 38972K, reserved 1048576K
}

