# JRE version: OpenJDK Runtime Environment (8.0_202) (build 1.8.0_202-release-1483-b49-5587405)
# Java VM: OpenJDK 64-Bit Server VM (25.202-b49-5587405 mixed mode linux-amd64 compressed oops)
Heap:
 PSYoungGen      total 543744K, used 216093K [0x00000000d5580000, 0x0000000100000000, 0x0000000100000000)
  eden space 388608K, 55% used [0x00000000d5580000,0x00000000e2887520,0x00000000ed100000)
  from space 155136K, 0% used [0x00000000ed100000,0x00000000ed100000,0x00000000f6880000)
  to   space 155136K, 0% used [0x00000000f6880000,0x00000000f6880000,0x0000000100000000)
 ParOldGen       total 486912K, used 257598K [0x0000000080000000, 0x000000009db80000, 0x00000000d5580000)
  object space 486912K, 52% used [0x0000000080000000,0x000000008fb8fb48,0x000000009db80000)
 Metaspace       used 237841K, capacity 252830K, committed 269004K, reserved 1282048K
  class space    used 30907K, capacity 33677K, committed 36412K, reserved 1048576K
GC Heap History (10 events):
Event: 6083,156 GC heap before
{Heap before GC invocations=27 (full 5):
 PSYoungGen      total 603136K, used 603133K [0x00000000d5580000, 0x0000000100000000, 0x0000000100000000)
  eden space 516608K, 100% used [0x00000000d5580000,0x00000000f4e00000,0x00000000f4e00000)
  from space 86528K, 99% used [0x00000000f4e00000,0x00000000fa27f640,0x00000000fa280000)
  to   space 95744K, 0% used [0x00000000fa280000,0x00000000fa280000,0x0000000100000000)
 ParOldGen       total 355328K, used 190416K [0x0000000080000000, 0x0000000095b00000, 0x00000000d5580000)
  object space 355328K, 53% used [0x0000000080000000,0x000000008b9f40d0,0x0000000095b00000)
 Metaspace       used 223892K, capacity 237550K, committed 237972K, reserved 1255424K
  class space    used 29109K, capacity 31665K, committed 31676K, reserved 1048576K
Event: 6083,629 GC heap after
Heap after GC invocations=27 (full 5):
 PSYoungGen      total 518144K, used 95736K [0x00000000d5580000, 0x0000000100000000, 0x0000000100000000)
  eden space 422400K, 0% used [0x00000000d5580000,0x00000000d5580000,0x00000000ef200000)
  from space 95744K, 99% used [0x00000000fa280000,0x00000000ffffe048,0x0000000100000000)
  to   space 138240K, 0% used [0x00000000ef200000,0x00000000ef200000,0x00000000f7900000)
 ParOldGen       total 355328K, used 248891K [0x0000000080000000, 0x0000000095b00000, 0x00000000d5580000)
  object space 355328K, 70% used [0x0000000080000000,0x000000008f30efa8,0x0000000095b00000)
 Metaspace       used 223892K, capacity 237550K, committed 237972K, reserved 1255424K
  class space    used 29109K, capacity 31665K, committed 31676K, reserved 1048576K
}
Event: 6269,837 GC heap before
{Heap before GC invocations=28 (full 5):
 PSYoungGen      total 518144K, used 518136K [0x00000000d5580000, 0x0000000100000000, 0x0000000100000000)
  eden space 422400K, 100% used [0x00000000d5580000,0x00000000ef200000,0x00000000ef200000)
  from space 95744K, 99% used [0x00000000fa280000,0x00000000ffffe048,0x0000000100000000)
  to   space 138240K, 0% used [0x00000000ef200000,0x00000000ef200000,0x00000000f7900000)
 ParOldGen       total 355328K, used 248891K [0x0000000080000000, 0x0000000095b00000, 0x00000000d5580000)
  object space 355328K, 70% used [0x0000000080000000,0x000000008f30efa8,0x0000000095b00000)
 Metaspace       used 224024K, capacity 237822K, committed 237972K, reserved 1255424K
  class space    used 29114K, capacity 31675K, committed 31676K, reserved 1048576K
Event: 6269,994 GC heap after
Heap after GC invocations=28 (full 5):
 PSYoungGen      total 560640K, used 73565K [0x00000000d5580000, 0x0000000100000000, 0x0000000100000000)
  eden space 422400K, 0% used [0x00000000d5580000,0x00000000d5580000,0x00000000ef200000)
  from space 138240K, 53% used [0x00000000ef200000,0x00000000f39d7438,0x00000000f7900000)
  to   space 137216K, 0% used [0x00000000f7a00000,0x00000000f7a00000,0x0000000100000000)
 ParOldGen       total 355328K, used 249479K [0x0000000080000000, 0x0000000095b00000, 0x00000000d5580000)
  object space 355328K, 70% used [0x0000000080000000,0x000000008f3a1fb8,0x0000000095b00000)
 Metaspace       used 224024K, capacity 237822K, committed 237972K, reserved 1255424K
  class space    used 29114K, capacity 31675K, committed 31676K, reserved 1048576K
}
Event: 6279,813 GC heap before
{Heap before GC invocations=29 (full 5):
 PSYoungGen      total 560640K, used 495965K [0x00000000d5580000, 0x0000000100000000, 0x0000000100000000)
  eden space 422400K, 100% used [0x00000000d5580000,0x00000000ef200000,0x00000000ef200000)
  from space 138240K, 53% used [0x00000000ef200000,0x00000000f39d7438,0x00000000f7900000)
  to   space 137216K, 0% used [0x00000000f7a00000,0x00000000f7a00000,0x0000000100000000)
 ParOldGen       total 355328K, used 249479K [0x0000000080000000, 0x0000000095b00000, 0x00000000d5580000)
  object space 355328K, 70% used [0x0000000080000000,0x000000008f3a1fb8,0x0000000095b00000)
 Metaspace       used 231201K, capacity 245336K, committed 245652K, reserved 1261568K
  class space    used 29954K, capacity 32628K, committed 32700K, reserved 1048576K
Event: 6280,058 GC heap after
Heap after GC invocations=29 (full 5):
 PSYoungGen      total 525824K, used 127494K [0x00000000d5580000, 0x0000000100000000, 0x0000000100000000)
  eden space 388608K, 0% used [0x00000000d5580000,0x00000000d5580000,0x00000000ed100000)
  from space 137216K, 92% used [0x00000000f7a00000,0x00000000ff6819c8,0x0000000100000000)
  to   space 155136K, 0% used [0x00000000ed100000,0x00000000ed100000,0x00000000f6880000)
 ParOldGen       total 355328K, used 249487K [0x0000000080000000, 0x0000000095b00000, 0x00000000d5580000)
  object space 355328K, 70% used [0x0000000080000000,0x000000008f3a3fb8,0x0000000095b00000)
 Metaspace       used 231201K, capacity 245336K, committed 245652K, reserved 1261568K
  class space    used 29954K, capacity 32628K, committed 32700K, reserved 1048576K
}
Event: 6285,945 GC heap before
{Heap before GC invocations=30 (full 5):
 PSYoungGen      total 525824K, used 415252K [0x00000000d5580000, 0x0000000100000000, 0x0000000100000000)
  eden space 388608K, 74% used [0x00000000d5580000,0x00000000e6e83880,0x00000000ed100000)
  from space 137216K, 92% used [0x00000000f7a00000,0x00000000ff6819c8,0x0000000100000000)
  to   space 155136K, 0% used [0x00000000ed100000,0x00000000ed100000,0x00000000f6880000)
 ParOldGen       total 355328K, used 249487K [0x0000000080000000, 0x0000000095b00000, 0x00000000d5580000)
  object space 355328K, 70% used [0x0000000080000000,0x000000008f3a3fb8,0x0000000095b00000)
 Metaspace       used 256849K, capacity 272992K, committed 273100K, reserved 1286144K
  class space    used 33282K, capacity 36340K, committed 36412K, reserved 1048576K
Event: 6286,150 GC heap after
Heap after GC invocations=30 (full 5):
 PSYoungGen      total 543744K, used 155114K [0x00000000d5580000, 0x0000000100000000, 0x0000000100000000)
  eden space 388608K, 0% used [0x00000000d5580000,0x00000000d5580000,0x00000000ed100000)
  from space 155136K, 99% used [0x00000000ed100000,0x00000000f687abb0,0x00000000f6880000)
  to   space 155136K, 0% used [0x00000000f6880000,0x00000000f6880000,0x0000000100000000)
 ParOldGen       total 355328K, used 255179K [0x0000000080000000, 0x0000000095b00000, 0x00000000d5580000)
  object space 355328K, 71% used [0x0000000080000000,0x000000008f932fc0,0x0000000095b00000)
 Metaspace       used 256849K, capacity 272992K, committed 273100K, reserved 1286144K
  class space    used 33282K, capacity 36340K, committed 36412K, reserved 1048576K
}
Event: 6286,150 GC heap before
{Heap before GC invocations=31 (full 6):
 PSYoungGen      total 543744K, used 155114K [0x00000000d5580000, 0x0000000100000000, 0x0000000100000000)
  eden space 388608K, 0% used [0x00000000d5580000,0x00000000d5580000,0x00000000ed100000)
  from space 155136K, 99% used [0x00000000ed100000,0x00000000f687abb0,0x00000000f6880000)
  to   space 155136K, 0% used [0x00000000f6880000,0x00000000f6880000,0x0000000100000000)
 ParOldGen       total 355328K, used 255179K [0x0000000080000000, 0x0000000095b00000, 0x00000000d5580000)
  object space 355328K, 71% used [0x0000000080000000,0x000000008f932fc0,0x0000000095b00000)
 Metaspace       used 256849K, capacity 272992K, committed 273100K, reserved 1286144K
  class space    used 33282K, capacity 36340K, committed 36412K, reserved 1048576K
Event: 6287,442 GC heap after
Heap after GC invocations=31 (full 6):
 PSYoungGen      total 543744K, used 0K [0x00000000d5580000, 0x0000000100000000, 0x0000000100000000)
  eden space 388608K, 0% used [0x00000000d5580000,0x00000000d5580000,0x00000000ed100000)
  from space 155136K, 0% used [0x00000000ed100000,0x00000000ed100000,0x00000000f6880000)
  to   space 155136K, 0% used [0x00000000f6880000,0x00000000f6880000,0x0000000100000000)
 ParOldGen       total 486912K, used 257598K [0x0000000080000000, 0x000000009db80000, 0x00000000d5580000)
  object space 486912K, 52% used [0x0000000080000000,0x000000008fb8fb48,0x000000009db80000)
 Metaspace       used 222097K, capacity 236026K, committed 269004K, reserved 1282048K
  class space    used 28721K, capacity 31323K, committed 36412K, reserved 1048576K
}

